<?xml version="1.0" encoding="UTF-8"?>
<!-- Generated by org.testng.reporters.JUnitXMLReporter -->
<testsuite ignored="2" hostname="Prashant" failures="0" tests="7" name="Test" time="0.101" errors="0" timestamp="2023-02-13T16:48:11 IST">
  <testcase classname="test.BaseTest" name="@BeforeSuite initBrowser" time="2.859">
    <failure type="java.lang.NoSuchMethodError" message="&amp;apos;com.google.common.collect.ImmutableMap com.google.common.collect.ImmutableMap.of(java.lang.Object, java.lang.Object, java.lang.Object, java.lang.Object, java.lang.Object, java.lang.Object, java.lang.Object, java.lang.Object, java.lang.Object, java.lang.Object, java.lang.Object, java.lang.Object)&amp;apos;">
      <![CDATA[java.lang.NoSuchMethodError: 'com.google.common.collect.ImmutableMap com.google.common.collect.ImmutableMap.of(java.lang.Object, java.lang.Object, java.lang.Object, java.lang.Object, java.lang.Object, java.lang.Object, java.lang.Object, java.lang.Object, java.lang.Object, java.lang.Object, java.lang.Object, java.lang.Object)'
at org.openqa.selenium.chrome.AddHasCasting.getAdditionalCommands(AddHasCasting.java:38)
at org.openqa.selenium.chrome.ChromeDriver$ChromeDriverCommandExecutor.getExtraCommands(ChromeDriver.java:99)
at org.openqa.selenium.chrome.ChromeDriver$ChromeDriverCommandExecutor.<init>(ChromeDriver.java:94)
at org.openqa.selenium.chrome.ChromeDriver.<init>(ChromeDriver.java:82)
at org.openqa.selenium.chrome.ChromeDriver.<init>(ChromeDriver.java:50)
at test.BaseTest.initBrowser(BaseTest.java:22)
... Removed 19 stack frames]]>
    </failure>
  </testcase> <!-- @BeforeSuite initBrowser -->
  <testcase classname="test.BaseTest" name="@BeforeClass pageObjects" time="0.0">
    <skipped/>
  </testcase> <!-- @BeforeClass pageObjects -->
  <testcase classname="test.BaseTest" name="@AfterClass logOutUser" time="0.0">
    <skipped/>
  </testcase> <!-- @AfterClass logOutUser -->
  <testcase classname="test.BaseTest" name="@BeforeClass pageObjects" time="0.0">
    <skipped/>
  </testcase> <!-- @BeforeClass pageObjects -->
  <testcase classname="test.CommonTest" name="@BeforeClass login" time="0.0">
    <skipped/>
  </testcase> <!-- @BeforeClass login -->
  <testcase classname="test.BaseTest" name="@AfterClass logOutUser" time="0.0">
    <skipped/>
  </testcase> <!-- @AfterClass logOutUser -->
  <testcase classname="test.LoginTest" name="verifyBuildTitleName" time="0.0">
    <skipped/>
  </testcase> <!-- verifyBuildTitleName -->
  <testcase classname="test.LoginTest" name="verifyTitleOfLoginPage" time="0.001">
    <skipped/>
  </testcase> <!-- verifyTitleOfLoginPage -->
  <testcase classname="test.LoginTest" name="verifyCurrentUrlOfPage" time="0.0">
    <skipped/>
  </testcase> <!-- verifyCurrentUrlOfPage -->
  <testcase classname="test.LoginTest" name="verifyLoginWithCorrectCredentials" time="0.0">
    <skipped/>
  </testcase> <!-- verifyLoginWithCorrectCredentials -->
  <testcase classname="test.PIMTest" name="verifyPimPageTitle" time="0.0">
    <skipped/>
  </testcase> <!-- verifyPimPageTitle -->
  <testcase classname="test.PIMTest" name="verifyEmpSearchEmpId" time="0.0">
    <skipped/>
  </testcase> <!-- verifyEmpSearchEmpId -->
  <testcase classname="test.PIMTest" name="TestIngChanges" time="0.0">
    <skipped/>
  </testcase> <!-- TestIngChanges -->
  <testcase classname="test.BaseTest" name="@BeforeSuite initBrowser" time="0.0">
    <ignored/>
  </testcase> <!-- @BeforeSuite initBrowser -->
  <testcase classname="test.BaseTest" name="@AfterSuite logoutUser" time="0.0">
    <ignored/>
  </testcase> <!-- @AfterSuite logoutUser -->
</testsuite> <!-- Test -->
